TN:
SF:/Users/ilyazlatkin/PycharmProjects/HornLauncher/sandbox/testgen_6/1/testgen.h
FN:7,nondet_4904
FNDA:1,nondet_4904
FN:10,nondet_4924
FNDA:1,nondet_4924
DA:7,2
DA:8,2
DA:10,2
DA:11,2
FNF:2
FNH:2
LF:4
LH:4
end_of_record
SF:/Users/ilyazlatkin/PycharmProjects/HornLauncher/sandbox/testgen_6/1/main.c
FN:3,main
FNDA:1,main
DA:3,2
DA:4,2
DA:5,2
DA:6,97503
DA:7,97503
BRDA:7,0,0,1
BRDA:7,0,1,1
BRDA:7,0,2,-
BRDA:7,0,3,1
BRDA:7,0,4,-
BRDA:7,0,5,-
DA:8,97499
DA:9,97499
DA:10,97503
BRDA:10,0,0,1
BRDA:10,0,1,1
BRDA:10,0,2,0
BRDA:10,0,3,1
DA:11,2
DA:13,97501
DA:16,2
FNF:1
FNH:1
BRF:10
BRH:6
LF:11
LH:11
end_of_record
