TN:
SF:/Users/ilyazlatkin/PycharmProjects/HornLauncher/sandbox/testgen_3/1/main.c
FN:3,main
FNDA:1,main
DA:3,1
DA:4,1
DA:5,1
DA:6,49513
DA:7,49513
BRDA:7,0,0,1
BRDA:7,0,1,1
DA:8,49498
DA:9,49498
DA:10,49513
BRDA:10,0,0,1
BRDA:10,0,1,1
DA:11,1
DA:13,49512
DA:16,1
FNF:1
FNH:1
BRF:4
BRH:4
LF:11
LH:11
end_of_record
SF:/Users/ilyazlatkin/PycharmProjects/HornLauncher/sandbox/testgen_3/1/testgen.h
FN:7,nondet_4904
FNDA:1,nondet_4904
FN:10,nondet_4924
FNDA:1,nondet_4924
DA:7,1
DA:8,1
DA:10,1
DA:11,1
FNF:2
FNH:2
LF:4
LH:4
end_of_record
