TN:
SF:/Users/ilyazlatkin/PycharmProjects/HornLauncher/sandbox/testgen_2/2/main.c
FN:8,main
FNDA:1,main
DA:8,1
DA:9,1
DA:12,1
DA:13,1
DA:14,1
DA:15,2
DA:16,2
BRDA:16,0,0,1
BRDA:16,0,1,1
DA:17,1
DA:19,1
BRDA:19,0,0,0
BRDA:19,0,1,1
DA:20,0
DA:22,1
DA:23,1
BRDA:23,0,0,1
BRDA:23,0,1,0
DA:24,1
DA:26,0
BRDA:26,0,0,-
BRDA:26,0,1,-
DA:27,0
DA:29,0
DA:30,1
BRDA:30,0,0,0
BRDA:30,0,1,1
DA:31,0
DA:33,1
FNF:1
FNH:1
BRF:10
BRH:5
LF:19
LH:14
end_of_record
SF:/Users/ilyazlatkin/PycharmProjects/HornLauncher/sandbox/testgen_2/2/testgen.h
FN:13,nondet_4964
FNDA:1,nondet_4964
FN:16,nondet_5525
FNDA:1,nondet_5525
FN:19,nondet_8014
FNDA:1,nondet_8014
FN:22,nondet_4878
FNDA:1,nondet_4878
FN:25,nondet_31139
FNDA:1,nondet_31139
DA:13,1
DA:14,1
DA:16,1
DA:17,1
DA:19,1
DA:20,1
DA:22,1
DA:23,1
DA:25,1
DA:26,1
FNF:5
FNH:5
LF:10
LH:10
end_of_record
