TN:
SF:/Users/ilyazlatkin/PycharmProjects/HornLauncher/sandbox/testgen_3/2/testgen.h
FN:7,nondet_4904
FNDA:1,nondet_4904
FN:10,nondet_4924
FNDA:1,nondet_4924
DA:7,1
DA:8,1
DA:10,1
DA:11,1
FNF:2
FNH:2
LF:4
LH:4
end_of_record
SF:/Users/ilyazlatkin/PycharmProjects/HornLauncher/sandbox/testgen_3/2/main.c
FN:3,main
FNDA:1,main
DA:3,1
DA:4,1
DA:5,1
DA:6,45002
DA:7,45002
BRDA:7,0,0,1
BRDA:7,0,1,0
DA:8,45002
DA:9,45002
DA:10,45002
BRDA:10,0,0,1
BRDA:10,0,1,1
DA:11,1
DA:13,45001
DA:16,1
FNF:1
FNH:1
BRF:4
BRH:3
LF:11
LH:11
end_of_record
