TN:
SF:/Users/ilyazlatkin/PycharmProjects/HornLauncher/sandbox/testgen_9/1/main.c
FN:3,main
FNDA:1,main
DA:3,2
DA:4,2
DA:5,2
DA:6,16
DA:7,16
DA:8,16
BRDA:8,0,0,1
BRDA:8,0,1,1
DA:9,12
DA:10,12
DA:11,4
DA:13,16
BRDA:13,0,0,1
BRDA:13,0,1,1
DA:14,2
DA:16,14
BRDA:16,0,0,1
BRDA:16,0,1,1
DA:17,5
DA:18,5
DA:20,2
FNF:1
FNH:1
BRF:6
BRH:6
LF:15
LH:15
end_of_record
SF:/Users/ilyazlatkin/PycharmProjects/HornLauncher/sandbox/testgen_9/1/testgen.h
FN:7,nondet_4924
FNDA:1,nondet_4924
FN:10,nondet_9413
FNDA:10,nondet_9413
DA:7,2
DA:8,2
DA:10,16
DA:11,16
FNF:2
FNH:2
LF:4
LH:4
end_of_record
