TN:
SF:/Users/ilyazlatkin/PycharmProjects/HornLauncher/sandbox/testgen_9/2/main.c
FN:3,main
FNDA:1,main
DA:3,1
DA:4,1
DA:5,1
DA:6,6
DA:7,6
DA:8,6
BRDA:8,0,0,1
BRDA:8,0,1,0
DA:9,6
DA:10,6
DA:11,0
DA:13,6
BRDA:13,0,0,1
BRDA:13,0,1,1
DA:14,1
DA:16,5
BRDA:16,0,0,1
BRDA:16,0,1,1
DA:17,1
DA:18,1
DA:20,1
FNF:1
FNH:1
BRF:6
BRH:5
LF:15
LH:14
end_of_record
SF:/Users/ilyazlatkin/PycharmProjects/HornLauncher/sandbox/testgen_9/2/testgen.h
FN:7,nondet_4924
FNDA:1,nondet_4924
FN:10,nondet_9413
FNDA:6,nondet_9413
DA:7,1
DA:8,1
DA:10,6
DA:11,6
FNF:2
FNH:2
LF:4
LH:4
end_of_record
