TN:
SF:/Users/ilyazlatkin/PycharmProjects/HornLauncher/sandbox/testgen_3/1/main.c
FN:3,main
FNDA:1,main
DA:3,3
DA:4,3
DA:5,4
DA:6,144018
DA:7,144018
BRDA:7,0,0,1
BRDA:7,0,1,1
DA:8,143997
DA:9,143997
DA:10,144017
BRDA:10,0,0,1
BRDA:10,0,1,1
DA:11,3
DA:13,144014
DA:16,4
FNF:1
FNH:1
BRF:4
BRH:4
LF:11
LH:11
end_of_record
SF:/Users/ilyazlatkin/PycharmProjects/HornLauncher/sandbox/testgen_3/1/testgen.h
FN:7,nondet_4904
FNDA:1,nondet_4904
FN:10,nondet_4924
FNDA:1,nondet_4924
DA:7,45004
DA:8,4
DA:10,3
DA:11,3
FNF:2
FNH:2
LF:4
LH:4
end_of_record
