TN:
SF:/Users/ilyazlatkin/PycharmProjects/HornLauncher/sandbox/testgen_4/1/testgen.h
FN:7,nondet_4904
FNDA:1,nondet_4904
FN:10,nondet_4924
FNDA:1,nondet_4924
DA:7,1
DA:8,1
DA:10,1
DA:11,1
FNF:2
FNH:2
LF:4
LH:4
end_of_record
SF:/Users/ilyazlatkin/PycharmProjects/HornLauncher/sandbox/testgen_4/1/main.c
FN:3,main
FNDA:1,main
DA:3,1
DA:4,1
DA:5,1
DA:6,49990
DA:7,49990
BRDA:7,0,0,1
BRDA:7,0,1,1
DA:8,49988
DA:9,49988
DA:10,2
DA:12,49990
BRDA:12,0,0,1
BRDA:12,0,1,1
DA:13,1
DA:15,49989
DA:17,1
FNF:1
FNH:1
BRF:4
BRH:4
LF:12
LH:12
end_of_record
