TN:
SF:/Users/ilyazlatkin/PycharmProjects/HornLauncher/sandbox/testgen/1/main.c
FN:7,main
FNDA:1,main
DA:7,3
DA:8,3
DA:9,3
DA:10,3
DA:11,10
DA:12,10
BRDA:12,0,0,1
BRDA:12,0,1,1
DA:13,5
DA:15,5
DA:16,10
BRDA:16,0,0,1
BRDA:16,0,1,0
DA:17,10
DA:19,0
BRDA:19,0,0,-
BRDA:19,0,1,-
DA:20,0
DA:22,0
DA:23,10
BRDA:23,0,0,1
BRDA:23,0,1,1
DA:24,3
DA:26,3
FNF:1
FNH:1
BRF:8
BRH:5
LF:16
LH:12
end_of_record
SF:/Users/ilyazlatkin/PycharmProjects/HornLauncher/sandbox/testgen/1/testgen.h
FN:9,nondet_4952
FNDA:1,nondet_4952
FN:12,nondet_4972
FNDA:1,nondet_4972
FN:15,nondet_4992
FNDA:1,nondet_4992
DA:9,3
DA:10,3
DA:12,3
DA:13,3
DA:15,3
DA:16,3
FNF:3
FNH:3
LF:6
LH:6
end_of_record
