TN:
SF:/Users/ilyazlatkin/PycharmProjects/HornLauncher/sandbox/testgen/1/main.c
FN:7,main
FNDA:1,main
DA:7,1
DA:8,1
DA:9,1
DA:10,1
DA:11,4
DA:12,4
BRDA:12,0,0,0
BRDA:12,0,1,1
DA:13,0
DA:15,4
DA:16,4
BRDA:16,0,0,1
BRDA:16,0,1,0
DA:17,4
DA:19,0
BRDA:19,0,0,-
BRDA:19,0,1,-
DA:20,0
DA:22,0
DA:23,4
BRDA:23,0,0,1
BRDA:23,0,1,1
DA:24,1
DA:26,1
FNF:1
FNH:1
BRF:8
BRH:4
LF:16
LH:12
end_of_record
SF:/Users/ilyazlatkin/PycharmProjects/HornLauncher/sandbox/testgen/1/testgen.h
FN:9,nondet_4952
FNDA:1,nondet_4952
FN:12,nondet_4972
FNDA:1,nondet_4972
FN:15,nondet_4992
FNDA:1,nondet_4992
DA:9,1
DA:10,1
DA:12,1
DA:13,1
DA:15,1
DA:16,1
FNF:3
FNH:3
LF:6
LH:6
end_of_record
