TN:
SF:/Users/ilyazlatkin/PycharmProjects/HornLauncher/sandbox/testgen_1/1/testgen.h
FN:9,nondet_4976
FNDA:1,nondet_4976
FN:12,nondet_5512
FNDA:1,nondet_5512
FN:15,nondet_5533
FNDA:1,nondet_5533
DA:9,2
DA:10,2
DA:12,2
DA:13,2
DA:15,2
DA:16,2
FNF:3
FNH:3
LF:6
LH:6
end_of_record
SF:/Users/ilyazlatkin/PycharmProjects/HornLauncher/sandbox/testgen_1/1/main.c
FN:9,main
FNDA:1,main
DA:9,2
DA:10,2
DA:11,2
DA:12,2
DA:13,3
DA:14,3
BRDA:14,0,0,1
BRDA:14,0,1,1
DA:15,2
DA:17,1
DA:18,3
BRDA:18,0,0,1
BRDA:18,0,1,0
DA:19,3
DA:20,3
DA:21,3
DA:22,0
BRDA:22,0,0,-
BRDA:22,0,1,-
DA:23,0
DA:25,0
DA:26,3
BRDA:26,0,0,1
BRDA:26,0,1,1
DA:27,2
DA:30,2
FNF:1
FNH:1
BRF:8
BRH:5
LF:18
LH:14
end_of_record
