TN:
SF:/Users/ilyazlatkin/PycharmProjects/HornLauncher/sandbox/testgen_5/2/main.c
FN:3,main
FNDA:1,main
DA:3,1
DA:4,1
DA:5,1
DA:6,66650
DA:7,66650
BRDA:7,0,0,1
BRDA:7,0,1,0
DA:8,66650
DA:9,66650
DA:10,66650
BRDA:10,0,0,1
BRDA:10,0,1,1
DA:11,1
DA:13,66649
BRDA:13,0,0,1
BRDA:13,0,1,1
DA:14,33325
DA:15,33325
DA:17,1
FNF:1
FNH:1
BRF:6
BRH:5
LF:13
LH:13
end_of_record
SF:/Users/ilyazlatkin/PycharmProjects/HornLauncher/sandbox/testgen_5/2/testgen.h
FN:7,nondet_4904
FNDA:1,nondet_4904
FN:10,nondet_4924
FNDA:1,nondet_4924
DA:7,1
DA:8,1
DA:10,1
DA:11,1
FNF:2
FNH:2
LF:4
LH:4
end_of_record
