TN:
SF:/Users/ilyazlatkin/PycharmProjects/HornLauncher/sandbox/testgen_8/1/main.c
FN:3,main
FNDA:1,main
DA:3,3
DA:4,3
DA:5,4
DA:6,33
DA:7,33
BRDA:7,0,0,1
BRDA:7,0,1,1
BRDA:7,0,2,1
BRDA:7,0,3,1
DA:8,31
DA:9,31
DA:10,1
DA:12,32
BRDA:12,0,0,1
BRDA:12,0,1,1
DA:4,1
BRDA:12,0,3,1
DA:13,4
DA:15,30
DA:17,3
FNF:1
FNH:1
BRF:8
BRH:8
LF:12
LH:12
end_of_record
SF:/Users/ilyazlatkin/PycharmProjects/HornLauncher/sandbox/testgen_8/1/testgen.h
FN:7,nondet_4904
FNDA:1,nondet_4904
FN:10,nondet_4924
FNDA:1,nondet_4924
DA:7,3
DA:8,4
DA:10,3
DA:11,3
FNF:2
FNH:2
LF:4
LH:4
end_of_record
