TN:
SF:/Users/ilyazlatkin/PycharmProjects/HornLauncher/sandbox/testgen_8/4/main.c
FN:3,main
FNDA:1,main
DA:3,1
DA:4,1
DA:5,1
DA:6,10
DA:7,10
BRDA:7,0,0,1
BRDA:7,0,1,0
BRDA:7,0,2,-
BRDA:7,0,3,-
DA:8,10
DA:9,10
DA:10,0
DA:12,10
BRDA:12,0,0,1
BRDA:12,0,1,1
BRDA:12,0,2,0
BRDA:12,0,3,1
DA:13,1
DA:15,9
DA:17,1
FNF:1
FNH:1
BRF:8
BRH:4
LF:12
LH:11
end_of_record
SF:/Users/ilyazlatkin/PycharmProjects/HornLauncher/sandbox/testgen_8/4/testgen.h
FN:7,nondet_4904
FNDA:1,nondet_4904
FN:10,nondet_4924
FNDA:1,nondet_4924
DA:7,1
DA:8,1
DA:10,1
DA:11,1
FNF:2
FNH:2
LF:4
LH:4
end_of_record
