TN:
SF:/Users/ilyazlatkin/PycharmProjects/HornLauncher/sandbox/testgen_5/1/testgen.h
FN:7,nondet_4904
FNDA:1,nondet_4904
FN:10,nondet_4924
FNDA:1,nondet_4924
DA:7,2
DA:8,66651
DA:10,66651
DA:11,2
FNF:2
FNH:2
LF:4
LH:4
end_of_record
SF:/Users/ilyazlatkin/PycharmProjects/HornLauncher/sandbox/testgen_5/1/main.c
FN:3,main
FNDA:1,main
DA:3,2
DA:4,2
DA:5,33326
DA:6,93327
DA:7,60003
BRDA:7,0,0,1
BRDA:7,0,1,1
DA:8,59999
DA:9,59999
DA:10,60002
BRDA:10,0,0,1
BRDA:10,0,1,1
DA:11,1
DA:13,60001
BRDA:13,0,0,1
BRDA:13,0,1,1
DA:14,30002
DA:15,30003
DA:17,2
FNF:1
FNH:1
BRF:6
BRH:6
LF:13
LH:13
end_of_record
