TN:
SF:/Users/ilyazlatkin/PycharmProjects/HornLauncher/sandbox/testgen_1/2/testgen.h
FN:9,nondet_4976
FNDA:1,nondet_4976
FN:12,nondet_5512
FNDA:1,nondet_5512
FN:15,nondet_5533
FNDA:1,nondet_5533
DA:9,1
DA:10,1
DA:12,1
DA:13,1
DA:15,1
DA:16,1
FNF:3
FNH:3
LF:6
LH:6
end_of_record
SF:/Users/ilyazlatkin/PycharmProjects/HornLauncher/sandbox/testgen_1/2/main.c
FN:9,main
FNDA:1,main
DA:9,1
DA:10,1
DA:11,1
DA:12,1
DA:13,1
DA:14,1
BRDA:14,0,0,0
BRDA:14,0,1,1
DA:15,0
DA:17,1
DA:18,1
BRDA:18,0,0,1
BRDA:18,0,1,0
DA:19,1
DA:20,1
DA:21,1
DA:22,0
BRDA:22,0,0,-
BRDA:22,0,1,-
DA:23,0
DA:25,0
DA:26,1
BRDA:26,0,0,1
BRDA:26,0,1,0
DA:27,1
DA:30,1
FNF:1
FNH:1
BRF:8
BRH:3
LF:18
LH:14
end_of_record
